Using pre-set license
Built from '2020.3/staging' branch; Version is '2020.3.29f1 (2ff179115da0) revision 3142009'; Using compiler version '192528614'; Build Type 'Release'
OS: 'Windows 10  (10.0.19044) 64bit Core' Language: 'en' Physical Memory: 8112 MB
BatchMode: 1, IsHumanControllingUs: 0, StartBugReporterOnCrash: 0, Is64bit: 1, IsPro: 0

COMMAND LINE ARGUMENTS:
C:\Program Files\Unity\Hub\Editor\2020.3.29f1\Editor\Unity.exe
-adb2
-batchMode
-noUpm
-name
AssetImportWorker0
-projectPath
C:/Users/Victor/Documents/GitHub/MMMI-V2/MMMI-V2
-logFile
Logs/AssetImportWorker0.log
-srvPort
58033
Successfully changed project path to: C:/Users/Victor/Documents/GitHub/MMMI-V2/MMMI-V2
C:/Users/Victor/Documents/GitHub/MMMI-V2/MMMI-V2
Using Asset Import Pipeline V2.
Refreshing native plugins compatible for Editor in 39.70 ms, found 2 plugins.
Preloading 0 native plugins for Editor in 0.00 ms.
Initialize engine version: 2020.3.29f1 (2ff179115da0)
[Subsystems] Discovering subsystems at path C:/Program Files/Unity/Hub/Editor/2020.3.29f1/Editor/Data/Resources/UnitySubsystems
[Subsystems] Discovering subsystems at path C:/Users/Victor/Documents/GitHub/MMMI-V2/MMMI-V2/Assets
GfxDevice: creating device client; threaded=0
Direct3D:
    Version:  Direct3D 11.0 [level 11.0]
    Renderer: NVIDIA GeForce 930M (ID=0x1346)
    Vendor:   
    VRAM:     2010 MB
    Driver:   30.0.14.7219
Initialize mono
Mono path[0] = 'C:/Program Files/Unity/Hub/Editor/2020.3.29f1/Editor/Data/Managed'
Mono path[1] = 'C:/Program Files/Unity/Hub/Editor/2020.3.29f1/Editor/Data/MonoBleedingEdge/lib/mono/unityjit'
Mono config path = 'C:/Program Files/Unity/Hub/Editor/2020.3.29f1/Editor/Data/MonoBleedingEdge/etc'
Using monoOptions --debugger-agent=transport=dt_socket,embedding=1,server=y,suspend=n,address=127.0.0.1:56512
Begin MonoManager ReloadAssembly
Registering precompiled unity dll's ...
Register platform support module: C:/Program Files/Unity/Hub/Editor/2020.3.29f1/Editor/Data/PlaybackEngines/WebGLSupport/UnityEditor.WebGL.Extensions.dll
Register platform support module: C:/Program Files/Unity/Hub/Editor/2020.3.29f1/Editor/Data/PlaybackEngines/WindowsStandaloneSupport/UnityEditor.WindowsStandalone.Extensions.dll
Registered in 0.003879 seconds.
Native extension for WindowsStandalone target not found
Native extension for WebGL target not found
Refreshing native plugins compatible for Editor in 37.29 ms, found 2 plugins.
Preloading 0 native plugins for Editor in 0.00 ms.
Unable to find bridge dll in registry for Microsoft Visual Studio Tools for Unity for C:\Program Files (x86)\Microsoft Visual Studio 14.0\Common7\IDE\\devenv.exe
Mono: successfully reloaded assembly
- Completed reload, in  0.772 seconds
Domain Reload Profiling:
	ReloadAssembly (773ms)
		BeginReloadAssembly (105ms)
			ExecutionOrderSort (0ms)
			DisableScriptedObjects (0ms)
			BackupInstance (0ms)
			ReleaseScriptingObjects (0ms)
			CreateAndSetChildDomain (1ms)
		EndReloadAssembly (574ms)
			LoadAssemblies (102ms)
			RebuildTransferFunctionScriptingTraits (0ms)
			SetupTypeCache (195ms)
			ReleaseScriptCaches (0ms)
			RebuildScriptCaches (39ms)
			SetupLoadedEditorAssemblies (199ms)
				LogAssemblyErrors (0ms)
				InitializePlatformSupportModulesInManaged (5ms)
				SetLoadedEditorAssemblies (0ms)
				RefreshPlugins (37ms)
				BeforeProcessingInitializeOnLoad (15ms)
				ProcessInitializeOnLoadAttributes (104ms)
				ProcessInitializeOnLoadMethodAttributes (37ms)
				AfterProcessingInitializeOnLoad (0ms)
				EditorAssembliesLoaded (0ms)
			ExecutionOrderSort2 (0ms)
			AwakeInstancesAfterBackupRestoration (0ms)
Platform modules already initialized, skipping
Registering precompiled user dll's ...
Registered in 0.004600 seconds.
Begin MonoManager ReloadAssembly
Native extension for WindowsStandalone target not found
Native extension for WebGL target not found
Refreshing native plugins compatible for Editor in 0.35 ms, found 2 plugins.
Preloading 0 native plugins for Editor in 0.00 ms.
Mono: successfully reloaded assembly
- Completed reload, in  1.555 seconds
Domain Reload Profiling:
	ReloadAssembly (1556ms)
		BeginReloadAssembly (207ms)
			ExecutionOrderSort (0ms)
			DisableScriptedObjects (7ms)
			BackupInstance (0ms)
			ReleaseScriptingObjects (0ms)
			CreateAndSetChildDomain (24ms)
		EndReloadAssembly (1259ms)
			LoadAssemblies (150ms)
			RebuildTransferFunctionScriptingTraits (0ms)
			SetupTypeCache (502ms)
			ReleaseScriptCaches (0ms)
			RebuildScriptCaches (70ms)
			SetupLoadedEditorAssemblies (387ms)
				LogAssemblyErrors (0ms)
				InitializePlatformSupportModulesInManaged (7ms)
				SetLoadedEditorAssemblies (1ms)
				RefreshPlugins (0ms)
				BeforeProcessingInitializeOnLoad (95ms)
				ProcessInitializeOnLoadAttributes (264ms)
				ProcessInitializeOnLoadMethodAttributes (12ms)
				AfterProcessingInitializeOnLoad (9ms)
				EditorAssembliesLoaded (0ms)
			ExecutionOrderSort2 (0ms)
			AwakeInstancesAfterBackupRestoration (8ms)
Platform modules already initialized, skipping
========================================================================
Worker process is ready to serve import requests
Launched and connected shader compiler UnityShaderCompiler.exe after 0.15 seconds
Refreshing native plugins compatible for Editor in 0.45 ms, found 2 plugins.
Preloading 0 native plugins for Editor in 0.00 ms.
Unloading 1502 Unused Serialized files (Serialized files now loaded: 0)
System memory in use before: 67.5 MB.
System memory in use after: 67.6 MB.

Unloading 16 unused Assets to reduce memory usage. Loaded Objects now: 1937.
Total: 3.600200 ms (FindLiveObjects: 0.148600 ms CreateObjectMapping: 0.049700 ms MarkObjects: 3.282600 ms  DeleteObjects: 0.118500 ms)

AssetImportParameters requested are different than current active one (requested -> active):
  custom:framework-win-MediaFoundation: 216162199b28c13a410421893ffa2e32 -> 
  custom:video-decoder-ogg-theora: a1e56fd34408186e4bbccfd4996cb3dc -> 
  custom:container-muxer-webm: aa71ff27fc2769a1b78a27578f13a17b -> 
  custom:container-demuxer-webm: 4f35f7cbe854078d1ac9338744f61a02 -> 
  custom:container-demuxer-ogg: 62fdf1f143b41e24485cea50d1cbac27 -> 
  custom:video-encoder-webm-vp8: eb34c28f22e8b96e1ab97ce403110664 -> 
  custom:video-codec-MediaFoundation-h265: 746d11721c4dcdbdad8f713fa42b33f4 -> 
  custom:video-decoder-webm-vp8: 9c59270c3fd7afecdb556c50c9e8de78 -> 
  custom:audio-decoder-ogg-vorbis: bf7c407c2cedff20999df2af8eb42d56 -> 
  custom:audio-encoder-webm-vorbis: bf7c407c2cedff20999df2af8eb42d56 -> 
========================================================================
Received Import Request.
  path: Assets/Objects/Ground_Floor.prefab
  artifactKey: Guid(5a880f4190684984aa15c7158ef8162e) Importer(815301076,1909f56bfc062723c751e8b465ee728b)
Start importing Assets/Objects/Ground_Floor.prefab using Guid(5a880f4190684984aa15c7158ef8162e) Importer(815301076,1909f56bfc062723c751e8b465ee728b)  -> (artifact id: 'e285d6961c2b18d1dc794a5ec4382b46') in 0.412339 seconds 
  Import took 0.428639 seconds .

========================================================================
Received Import Request.
  Time since last request: 0.000404 seconds.
  path: Assets/Objects/Left.prefab
  artifactKey: Guid(42e0e52c646d7c946aadec487be41d37) Importer(815301076,1909f56bfc062723c751e8b465ee728b)
Start importing Assets/Objects/Left.prefab using Guid(42e0e52c646d7c946aadec487be41d37) Importer(815301076,1909f56bfc062723c751e8b465ee728b)  -> (artifact id: '08da3865d7de80f9dc1be13881c773bb') in 0.034819 seconds 
  Import took 0.048681 seconds .

========================================================================
Received Import Request.
  Time since last request: 0.000389 seconds.
  path: Assets/Objects/Main Camera.prefab
  artifactKey: Guid(ce21bf0ff3b9a9b46862048c1a0932bd) Importer(815301076,1909f56bfc062723c751e8b465ee728b)
Start importing Assets/Objects/Main Camera.prefab using Guid(ce21bf0ff3b9a9b46862048c1a0932bd) Importer(815301076,1909f56bfc062723c751e8b465ee728b)  -> (artifact id: 'd0727802a45e678f87ae3a4d998d26eb') in 0.023710 seconds 
  Import took 0.027010 seconds .

========================================================================
Received Import Request.
  Time since last request: 0.000406 seconds.
  path: Assets/Objects
  artifactKey: Guid(f11985f1e1173eb469df9c034021854f) Importer(815301076,1909f56bfc062723c751e8b465ee728b)
Start importing Assets/Objects using Guid(f11985f1e1173eb469df9c034021854f) Importer(815301076,1909f56bfc062723c751e8b465ee728b)  -> (artifact id: '0c8eaed351017fb5673b008b2a1845ff') in 0.002745 seconds 
  Import took 0.022392 seconds .

========================================================================
Received Import Request.
  Time since last request: 0.000396 seconds.
  path: Assets/Objects/Top-Left.prefab
  artifactKey: Guid(f844afe899418ae47b67d2bc87f8d948) Importer(815301076,1909f56bfc062723c751e8b465ee728b)
Start importing Assets/Objects/Top-Left.prefab using Guid(f844afe899418ae47b67d2bc87f8d948) Importer(815301076,1909f56bfc062723c751e8b465ee728b)  -> (artifact id: '09d5d75dcee35509e50adc78a7fc57f7') in 0.015189 seconds 
  Import took 0.019341 seconds .

========================================================================
Received Import Request.
  Time since last request: 0.000392 seconds.
  path: Assets/Objects/Start.prefab
  artifactKey: Guid(19768309eaaa19f4c945d69c0664246d) Importer(815301076,1909f56bfc062723c751e8b465ee728b)
Start importing Assets/Objects/Start.prefab using Guid(19768309eaaa19f4c945d69c0664246d) Importer(815301076,1909f56bfc062723c751e8b465ee728b)  -> (artifact id: '2feee5265eac5e233ac674feee665545') in 0.015498 seconds 
  Import took 0.019131 seconds .

========================================================================
Received Import Request.
  Time since last request: 0.000407 seconds.
  path: Assets/Objects/Directional Light.prefab
  artifactKey: Guid(f8d22e06ad3d06e45a44e2d0abe5699e) Importer(815301076,1909f56bfc062723c751e8b465ee728b)
Start importing Assets/Objects/Directional Light.prefab using Guid(f8d22e06ad3d06e45a44e2d0abe5699e) Importer(815301076,1909f56bfc062723c751e8b465ee728b)  -> (artifact id: '8208b3413ed811a0e129bae979f51272') in 0.028866 seconds 
  Import took 0.032432 seconds .

========================================================================
Received Import Request.
  Time since last request: 0.000418 seconds.
  path: Assets/Objects/Top.prefab
  artifactKey: Guid(ca77e461496a25c44b0b94112733bc0e) Importer(815301076,1909f56bfc062723c751e8b465ee728b)
Start importing Assets/Objects/Top.prefab using Guid(ca77e461496a25c44b0b94112733bc0e) Importer(815301076,1909f56bfc062723c751e8b465ee728b)  -> (artifact id: 'bcddef8538d26fa968a6ed6c27166dbf') in 0.014140 seconds 
  Import took 0.017105 seconds .

========================================================================
Received Import Request.
  Time since last request: 0.454273 seconds.
  path: Assets/Objects/Top 1.prefab
  artifactKey: Guid(c1c98ee58264c1f408fb05a2c3c5fe84) Importer(815301076,1909f56bfc062723c751e8b465ee728b)
Start importing Assets/Objects/Top 1.prefab using Guid(c1c98ee58264c1f408fb05a2c3c5fe84) Importer(815301076,1909f56bfc062723c751e8b465ee728b)  -> (artifact id: 'd9c68adac06aaeded63b4d7f5d380193') in 0.026725 seconds 
  Import took 0.062723 seconds .

========================================================================
Received Import Request.
  Time since last request: 11.473417 seconds.
  path: Assets/Objects/Top.prefab
  artifactKey: Guid(c1c98ee58264c1f408fb05a2c3c5fe84) Importer(815301076,1909f56bfc062723c751e8b465ee728b)
Start importing Assets/Objects/Top.prefab using Guid(c1c98ee58264c1f408fb05a2c3c5fe84) Importer(815301076,1909f56bfc062723c751e8b465ee728b)  -> (artifact id: '1e69acb634dd53a84e40dfcf3c4b4cf1') in 0.042901 seconds 
  Import took 0.077311 seconds .

========================================================================
Received Import Request.
  Time since last request: 72.984158 seconds.
  path: Assets/Objects/Left.prefab
  artifactKey: Guid(42e0e52c646d7c946aadec487be41d37) Importer(815301076,1909f56bfc062723c751e8b465ee728b)
Start importing Assets/Objects/Left.prefab using Guid(42e0e52c646d7c946aadec487be41d37) Importer(815301076,1909f56bfc062723c751e8b465ee728b)  -> (artifact id: '869f9985c0ca519a2c77f1a28fae99f1') in 0.018995 seconds 
  Import took 0.023959 seconds .

========================================================================
Received Import Request.
  Time since last request: 107.589883 seconds.
  path: Assets/Objects/Left 1.prefab
  artifactKey: Guid(439850acef5689c4e8bda36dd95a0357) Importer(815301076,1909f56bfc062723c751e8b465ee728b)
Start importing Assets/Objects/Left 1.prefab using Guid(439850acef5689c4e8bda36dd95a0357) Importer(815301076,1909f56bfc062723c751e8b465ee728b)  -> (artifact id: '78ec446a038fd0b7761accf503f1422c') in 0.028755 seconds 
  Import took 0.036311 seconds .

========================================================================
Received Import Request.
  Time since last request: 9.216437 seconds.
  path: Assets/Objects/Left.prefab
  artifactKey: Guid(439850acef5689c4e8bda36dd95a0357) Importer(815301076,1909f56bfc062723c751e8b465ee728b)
Start importing Assets/Objects/Left.prefab using Guid(439850acef5689c4e8bda36dd95a0357) Importer(815301076,1909f56bfc062723c751e8b465ee728b)  -> (artifact id: '7e697650447f377b4c264fee8fce5ca0') in 0.021204 seconds 
  Import took 0.048447 seconds .

========================================================================
Received Import Request.
  Time since last request: 95.337200 seconds.
  path: Assets/Objects/Top-left.prefab
  artifactKey: Guid(f844afe899418ae47b67d2bc87f8d948) Importer(815301076,1909f56bfc062723c751e8b465ee728b)
Start importing Assets/Objects/Top-left.prefab using Guid(f844afe899418ae47b67d2bc87f8d948) Importer(815301076,1909f56bfc062723c751e8b465ee728b)  -> (artifact id: '9d367ffa98203c37326d1cd39fa95ad9') in 0.018530 seconds 
  Import took 0.035217 seconds .

========================================================================
Received Import Request.
  Time since last request: 175.649717 seconds.
  path: Assets/Objects/Start.prefab
  artifactKey: Guid(19768309eaaa19f4c945d69c0664246d) Importer(815301076,1909f56bfc062723c751e8b465ee728b)
Start importing Assets/Objects/Start.prefab using Guid(19768309eaaa19f4c945d69c0664246d) Importer(815301076,1909f56bfc062723c751e8b465ee728b)  -> (artifact id: 'f88d5847fc37d3711df792fa11db8829') in 0.023491 seconds 
  Import took 0.027890 seconds .

========================================================================
Received Import Request.
  Time since last request: 3.633170 seconds.
  path: Assets/Objects/Finish.prefab
  artifactKey: Guid(b943c3e96b471ab42937dc426ecfa519) Importer(815301076,1909f56bfc062723c751e8b465ee728b)
Start importing Assets/Objects/Finish.prefab using Guid(b943c3e96b471ab42937dc426ecfa519) Importer(815301076,1909f56bfc062723c751e8b465ee728b)  -> (artifact id: 'a2c08b55ca8a99af04bdd24bc4dcbca2') in 0.021266 seconds 
  Import took 0.025809 seconds .

